<?xml version="1.0" encoding="UTF-8"?>
<!-- Generated by org.testng.reporters.JUnitReportReporter -->
<testsuite hostname="Admin" failures="0" tests="3" name="testengineprogrames.Dependsonpgm" time="0.038" errors="0" timestamp="2025-04-01T22:40:23 IST" skipped="0">
  <testcase classname="testengineprogrames.Dependsonpgm" name="home" time="0.009"/>
  <testcase classname="testengineprogrames.Dependsonpgm" name="reg" time="0.023"/>
  <testcase classname="testengineprogrames.Dependsonpgm" name="log" time="0.006"/>
</testsuite> <!-- testengineprogrames.Dependsonpgm -->
