<?xml version="1.0" encoding="UTF-8"?>
<!-- Generated by org.testng.reporters.JUnitReportReporter -->
<testsuite hostname="Admin" failures="0" tests="3" name="testengineprogrames.Grpnggoogle" time="0.055" errors="0" timestamp="2025-04-02T00:17:33 IST" skipped="0">
  <testcase classname="testengineprogrames.Grpnggoogle" name="title" time="0.043"/>
  <testcase classname="testengineprogrames.Grpnggoogle" name="ttest2" time="0.007"/>
  <testcase classname="testengineprogrames.Grpnggoogle" name="ttest3" time="0.005"/>
</testsuite> <!-- testengineprogrames.Grpnggoogle -->
