<?xml version="1.0" encoding="UTF-8"?>
<!-- Generated by org.testng.reporters.JUnitReportReporter -->
<testsuite hostname="Admin" failures="0" tests="5" name="testengineprogrames.EnabledPgrm" time="0.036" errors="0" timestamp="2025-04-01T22:29:19 IST" skipped="1">
  <testcase classname="testengineprogrames.EnabledPgrm" name="Reg" time="0.019"/>
  <testcase classname="testengineprogrames.EnabledPgrm" name="Reg" time="0.007"/>
  <testcase classname="testengineprogrames.EnabledPgrm" name="log" time="0.008"/>
  <testcase classname="testengineprogrames.EnabledPgrm" name="cart" time="0.002"/>
  <testcase classname="testengineprogrames.EnabledPgrm" name="home">
    <skipped/>
  </testcase> <!-- home -->
</testsuite> <!-- testengineprogrames.EnabledPgrm -->
