<?xml version="1.0" encoding="UTF-8"?>
<!-- Generated by org.testng.reporters.JUnitReportReporter -->
<testsuite hostname="Admin" failures="0" tests="4" name="testengineprogrames.Prioritypgmsmple" time="0.030" errors="0" timestamp="2025-04-01T22:20:55 IST" skipped="0">
  <testcase classname="testengineprogrames.Prioritypgmsmple" name="log" time="0.003"/>
  <testcase classname="testengineprogrames.Prioritypgmsmple" name="home" time="0.004"/>
  <testcase classname="testengineprogrames.Prioritypgmsmple" name="Reg" time="0.017"/>
  <testcase classname="testengineprogrames.Prioritypgmsmple" name="cart" time="0.006"/>
</testsuite> <!-- testengineprogrames.Prioritypgmsmple -->
