<?xml version="1.0" encoding="UTF-8"?>
<!-- Generated by org.testng.reporters.JUnitReportReporter -->
<testsuite hostname="Admin" failures="0" tests="1" name="testengineprogrames.DikeUploads" time="8.235" errors="0" timestamp="2025-04-03T11:26:49 IST" skipped="0">
  <testcase classname="testengineprogrames.DikeUploads" name="main" time="8.235"/>
</testsuite> <!-- testengineprogrames.DikeUploads -->
