<?xml version="1.0" encoding="UTF-8"?>
<!-- Generated by org.testng.reporters.JUnitReportReporter -->
<testsuite hostname="Admin" failures="0" tests="1" name="pomtest.FbloginTest" time="0.351" errors="0" timestamp="2025-04-07T12:38:33 IST" skipped="0">
  <testcase classname="pomtest.FbloginTest" name="testcheck" time="0.351"/>
</testsuite> <!-- pomtest.FbloginTest -->
