<?xml version="1.0" encoding="UTF-8"?>
<!-- Generated by org.testng.reporters.JUnitReportReporter -->
<testsuite hostname="Admin" failures="0" tests="4" name="testengineprogrames.Annotationpgms" time="0.058" errors="0" timestamp="2025-04-01T12:43:27 IST" skipped="0">
  <testcase classname="testengineprogrames.Annotationpgms" name="test3" time="0.018"/>
  <testcase classname="testengineprogrames.Annotationpgms" name="test1" time="0.022"/>
  <testcase classname="testengineprogrames.Annotationpgms" name="test2" time="0.011"/>
  <testcase classname="testengineprogrames.Annotationpgms" name="test4" time="0.007"/>
</testsuite> <!-- testengineprogrames.Annotationpgms -->
