<?xml version="1.0" encoding="UTF-8"?>
<!-- Generated by org.testng.reporters.JUnitReportReporter -->
<testsuite hostname="Admin" failures="0" tests="4" name="testengineprogrames.PriorityPgms" time="0.026" errors="0" timestamp="2025-04-01T22:24:11 IST" skipped="0">
  <testcase classname="testengineprogrames.PriorityPgms" name="Reg" time="0.004"/>
  <testcase classname="testengineprogrames.PriorityPgms" name="Reg" time="0.016"/>
  <testcase classname="testengineprogrames.PriorityPgms" name="log" time="0.003"/>
  <testcase classname="testengineprogrames.PriorityPgms" name="home" time="0.003"/>
</testsuite> <!-- testengineprogrames.PriorityPgms -->
